Arguments: 
  /usr/local/Cellar/node/16.10.0_1/bin/node /usr/local/bin/yarn add hardhat

PATH: 
  /usr/local/bin:/usr/bin:/bin:/usr/sbin:/sbin:/Library/Apple/usr/bin

Yarn version: 
  1.22.15

Node version: 
  16.10.0

Platform: 
  darwin x64

Trace: 
  Error: write EPROTO 4776312320:error:1425F102:SSL routines:ssl_choose_client_version:unsupported protocol:ssl/statem/statem_lib.c:1958:
  
      at WriteWrap.onWriteComplete [as oncomplete] (node:internal/stream_base_commons:98:16)

npm manifest: 
  {
    "dependencies": {
      "@openzeppelin/contracts": "^4.3.2"
    }
  }

yarn manifest: 
  No manifest

Lockfile: 
  # THIS IS AN AUTOGENERATED FILE. DO NOT EDIT THIS FILE DIRECTLY.
  # yarn lockfile v1
  
  
  "@openzeppelin/contracts@^4.3.2":
    version "4.3.2"
    resolved "https://registry.yarnpkg.com/@openzeppelin/contracts/-/contracts-4.3.2.tgz#ff80affd6d352dbe1bbc5b4e1833c41afd6283b6"
    integrity sha512-AybF1cesONZStg5kWf6ao9OlqTZuPqddvprc0ky7lrUVOjXeKpmQ2Y9FK+6ygxasb+4aic4O5pneFBfwVsRRRg==
